  Source.cpp
C:\Program Files (x86)\Windows Kits\10\Include\10.0.18362.0\um\mmsyscom.h(94,30): error C4430: missing type specifier - int assumed. Note: C++ does not support default-int
C:\Program Files (x86)\Windows Kits\10\Include\10.0.18362.0\um\mmsyscom.h(94,21): error C2146: syntax error: missing ';' before identifier 'MMVERSION'
C:\Program Files (x86)\Windows Kits\10\Include\10.0.18362.0\um\mmsyscom.h(102,20): error C2143: syntax error: missing ';' before '*'
C:\Program Files (x86)\Windows Kits\10\Include\10.0.18362.0\um\mmsyscom.h(102,27): error C4430: missing type specifier - int assumed. Note: C++ does not support default-int
C:\Program Files (x86)\Windows Kits\10\Include\10.0.18362.0\um\mmsyscom.h(112,23): error C3646: 'ms': unknown override specifier
C:\Program Files (x86)\Windows Kits\10\Include\10.0.18362.0\um\mmsyscom.h(112,23): error C4430: missing type specifier - int assumed. Note: C++ does not support default-int
C:\Program Files (x86)\Windows Kits\10\Include\10.0.18362.0\um\mmsyscom.h(113,27): error C3646: 'sample': unknown override specifier
C:\Program Files (x86)\Windows Kits\10\Include\10.0.18362.0\um\mmsyscom.h(113,27): error C4430: missing type specifier - int assumed. Note: C++ does not support default-int
C:\Program Files (x86)\Windows Kits\10\Include\10.0.18362.0\um\mmsyscom.h(114,23): error C3646: 'cb': unknown override specifier
C:\Program Files (x86)\Windows Kits\10\Include\10.0.18362.0\um\mmsyscom.h(114,23): error C4430: missing type specifier - int assumed. Note: C++ does not support default-int
C:\Program Files (x86)\Windows Kits\10\Include\10.0.18362.0\um\mmsyscom.h(115,26): error C3646: 'ticks': unknown override specifier
C:\Program Files (x86)\Windows Kits\10\Include\10.0.18362.0\um\mmsyscom.h(115,26): error C4430: missing type specifier - int assumed. Note: C++ does not support default-int
C:\Program Files (x86)\Windows Kits\10\Include\10.0.18362.0\um\mmsyscom.h(120,25): error C3646: 'hour': unknown override specifier
C:\Program Files (x86)\Windows Kits\10\Include\10.0.18362.0\um\mmsyscom.h(120,25): error C4430: missing type specifier - int assumed. Note: C++ does not support default-int
C:\Program Files (x86)\Windows Kits\10\Include\10.0.18362.0\um\mmsyscom.h(121,24): error C3646: 'min': unknown override specifier
C:\Program Files (x86)\Windows Kits\10\Include\10.0.18362.0\um\mmsyscom.h(121,24): error C4430: missing type specifier - int assumed. Note: C++ does not support default-int
C:\Program Files (x86)\Windows Kits\10\Include\10.0.18362.0\um\mmsyscom.h(122,24): error C3646: 'sec': unknown override specifier
C:\Program Files (x86)\Windows Kits\10\Include\10.0.18362.0\um\mmsyscom.h(122,24): error C4430: missing type specifier - int assumed. Note: C++ does not support default-int
C:\Program Files (x86)\Windows Kits\10\Include\10.0.18362.0\um\mmsyscom.h(123,26): error C3646: 'frame': unknown override specifier
C:\Program Files (x86)\Windows Kits\10\Include\10.0.18362.0\um\mmsyscom.h(123,26): error C4430: missing type specifier - int assumed. Note: C++ does not support default-int
C:\Program Files (x86)\Windows Kits\10\Include\10.0.18362.0\um\mmsyscom.h(124,24): error C3646: 'fps': unknown override specifier
C:\Program Files (x86)\Windows Kits\10\Include\10.0.18362.0\um\mmsyscom.h(124,24): error C4430: missing type specifier - int assumed. Note: C++ does not support default-int
C:\Program Files (x86)\Windows Kits\10\Include\10.0.18362.0\um\mmsyscom.h(125,26): error C3646: 'dummy': unknown override specifier
C:\Program Files (x86)\Windows Kits\10\Include\10.0.18362.0\um\mmsyscom.h(125,26): error C4430: missing type specifier - int assumed. Note: C++ does not support default-int
C:\Program Files (x86)\Windows Kits\10\Include\10.0.18362.0\um\mmsyscom.h(127,24): error C3646: 'pad': unknown override specifier
C:\Program Files (x86)\Windows Kits\10\Include\10.0.18362.0\um\mmsyscom.h(127,24): error C2143: syntax error: missing ',' before '['
C:\Program Files (x86)\Windows Kits\10\Include\10.0.18362.0\um\mmsyscom.h(127,27): error C2143: syntax error: missing ')' before ';'
C:\Program Files (x86)\Windows Kits\10\Include\10.0.18362.0\um\mmsyscom.h(127,27): error C2238: unexpected token(s) preceding ';'
C:\Program Files (x86)\Windows Kits\10\Include\10.0.18362.0\um\mmsyscom.h(134,29): error C3646: 'songptrpos': unknown override specifier
C:\Program Files (x86)\Windows Kits\10\Include\10.0.18362.0\um\mmsyscom.h(134,29): error C4430: missing type specifier - int assumed. Note: C++ does not support default-int
C:\Program Files (x86)\Windows Kits\10\Include\10.0.18362.0\um\mmsyscom.h(137,26): error C2143: syntax error: missing ';' before '*'
C:\Program Files (x86)\Windows Kits\10\Include\10.0.18362.0\um\mmsyscom.h(137,35): error C4430: missing type specifier - int assumed. Note: C++ does not support default-int
C:\Program Files (x86)\Windows Kits\10\Include\10.0.18362.0\um\mmsyscom.h(137,41): error C2143: syntax error: missing ';' before '*'
C:\Program Files (x86)\Windows Kits\10\Include\10.0.18362.0\um\mmsyscom.h(137,41): error C4430: missing type specifier - int assumed. Note: C++ does not support default-int
C:\Program Files (x86)\Windows Kits\10\Include\10.0.18362.0\um\mmsyscom.h(137,41): error C2377: 'FAR': redefinition; typedef cannot be overloaded with any other symbol
C:\Program Files (x86)\Windows Kits\10\Include\10.0.18362.0\um\mmsyscom.h(102): message : see declaration of 'FAR'
C:\Program Files (x86)\Windows Kits\10\Include\10.0.18362.0\um\mmsyscom.h(137,50): error C4430: missing type specifier - int assumed. Note: C++ does not support default-int
C:\Program Files (x86)\Windows Kits\10\Include\10.0.18362.0\um\mmsyscom.h(275,16): error C2065: 'HDRVR': undeclared identifier
C:\Program Files (x86)\Windows Kits\10\Include\10.0.18362.0\um\mmsyscom.h(275,21): error C4430: missing type specifier - int assumed. Note: C++ does not support default-int
C:\Program Files (x86)\Windows Kits\10\Include\10.0.18362.0\um\mmsyscom.h(297,24): error C2146: syntax error: missing ')' before identifier 'DRVCALLBACK'
C:\Program Files (x86)\Windows Kits\10\Include\10.0.18362.0\um\mmsyscom.h(297,24): error C2146: syntax error: missing ';' before identifier 'DRVCALLBACK'
C:\Program Files (x86)\Windows Kits\10\Include\10.0.18362.0\um\mmsyscom.h(297,35): error C2059: syntax error: ')'
C:\Program Files (x86)\Windows Kits\10\Include\10.0.18362.0\um\mmsyscom.h(297,37): error C2065: 'HDRVR': undeclared identifier
C:\Program Files (x86)\Windows Kits\10\Include\10.0.18362.0\um\mmsyscom.h(297,43): error C2146: syntax error: missing ')' before identifier 'hdrvr'
C:\Program Files (x86)\Windows Kits\10\Include\10.0.18362.0\um\mmsyscom.h(299,25): error C4430: missing type specifier - int assumed. Note: C++ does not support default-int
C:\Program Files (x86)\Windows Kits\10\Include\10.0.18362.0\um\mmsyscom.h(299,21): error C2146: syntax error: missing ';' before identifier 'FAR'
C:\Program Files (x86)\Windows Kits\10\Include\10.0.18362.0\um\mmsyscom.h(299,25): error C2143: syntax error: missing ';' before '*'
C:\Program Files (x86)\Windows Kits\10\Include\10.0.18362.0\um\mmsyscom.h(299,25): error C2086: 'int FAR': redefinition
C:\Program Files (x86)\Windows Kits\10\Include\10.0.18362.0\um\mmsyscom.h(137): message : see declaration of 'FAR'
C:\Program Files (x86)\Windows Kits\10\Include\10.0.18362.0\um\mmsyscom.h(299,39): error C4430: missing type specifier - int assumed. Note: C++ does not support default-int
C:\Program Files (x86)\Windows Kits\10\Include\10.0.18362.0\um\mciapi.h(37,25): error C4430: missing type specifier - int assumed. Note: C++ does not support default-int
C:\Program Files (x86)\Windows Kits\10\Include\10.0.18362.0\um\mciapi.h(37,17): error C2146: syntax error: missing ';' before identifier 'MCIERROR'
C:\Program Files (x86)\Windows Kits\10\Include\10.0.18362.0\um\mciapi.h(45,24): error C2143: syntax error: missing ')' before '*'
C:\Program Files (x86)\Windows Kits\10\Include\10.0.18362.0\um\mciapi.h(45,24): error C2143: syntax error: missing ';' before '*'
C:\Program Files (x86)\Windows Kits\10\Include\10.0.18362.0\um\mciapi.h(45,15): error C2371: 'CALLBACK': redefinition; different basic types
C:\Program Files (x86)\Windows Kits\10\Include\10.0.18362.0\um\mmsyscom.h(297): message : see declaration of 'CALLBACK'
C:\Program Files (x86)\Windows Kits\10\Include\10.0.18362.0\um\mciapi.h(45,34): error C2059: syntax error: ')'
C:\Program Files (x86)\Windows Kits\10\Include\10.0.18362.0\um\mciapi.h(45,73): error C4430: missing type specifier - int assumed. Note: C++ does not support default-int
C:\Program Files (x86)\Windows Kits\10\Include\10.0.18362.0\um\mciapi.h(52,1): error C4430: missing type specifier - int assumed. Note: C++ does not support default-int
C:\Program Files (x86)\Windows Kits\10\Include\10.0.18362.0\um\mciapi.h(51,1): error C2146: syntax error: missing ';' before identifier 'MCIERROR'
C:\Program Files (x86)\Windows Kits\10\Include\10.0.18362.0\um\mciapi.h(62,1): error C4430: missing type specifier - int assumed. Note: C++ does not support default-int
C:\Program Files (x86)\Windows Kits\10\Include\10.0.18362.0\um\mciapi.h(62,1): error C2086: 'int DECLSPEC_IMPORT': redefinition
C:\Program Files (x86)\Windows Kits\10\Include\10.0.18362.0\um\mciapi.h(50): message : see declaration of 'DECLSPEC_IMPORT'
C:\Program Files (x86)\Windows Kits\10\Include\10.0.18362.0\um\mciapi.h(61,1): error C2146: syntax error: missing ';' before identifier 'MCIERROR'
C:\Program Files (x86)\Windows Kits\10\Include\10.0.18362.0\um\mciapi.h(77,1): error C4430: missing type specifier - int assumed. Note: C++ does not support default-int
C:\Program Files (x86)\Windows Kits\10\Include\10.0.18362.0\um\mciapi.h(77,1): error C2086: 'int DECLSPEC_IMPORT': redefinition
C:\Program Files (x86)\Windows Kits\10\Include\10.0.18362.0\um\mciapi.h(50): message : see declaration of 'DECLSPEC_IMPORT'
C:\Program Files (x86)\Windows Kits\10\Include\10.0.18362.0\um\mciapi.h(76,1): error C2146: syntax error: missing ';' before identifier 'MCIERROR'
C:\Program Files (x86)\Windows Kits\10\Include\10.0.18362.0\um\mciapi.h(87,1): error C4430: missing type specifier - int assumed. Note: C++ does not support default-int
C:\Program Files (x86)\Windows Kits\10\Include\10.0.18362.0\um\mciapi.h(87,1): error C2086: 'int DECLSPEC_IMPORT': redefinition
C:\Program Files (x86)\Windows Kits\10\Include\10.0.18362.0\um\mciapi.h(50): message : see declaration of 'DECLSPEC_IMPORT'
C:\Program Files (x86)\Windows Kits\10\Include\10.0.18362.0\um\mciapi.h(86,1): error C2146: syntax error: missing ';' before identifier 'MCIERROR'
C:\Program Files (x86)\Windows Kits\10\Include\10.0.18362.0\um\mciapi.h(102,1): error C4430: missing type specifier - int assumed. Note: C++ does not support default-int
C:\Program Files (x86)\Windows Kits\10\Include\10.0.18362.0\um\mciapi.h(102,1): error C2086: 'int DECLSPEC_IMPORT': redefinition
C:\Program Files (x86)\Windows Kits\10\Include\10.0.18362.0\um\mciapi.h(50): message : see declaration of 'DECLSPEC_IMPORT'
C:\Program Files (x86)\Windows Kits\10\Include\10.0.18362.0\um\mciapi.h(101,1): error C2146: syntax error: missing ';' before identifier 'MCIDEVICEID'
C:\Program Files (x86)\Windows Kits\10\Include\10.0.18362.0\um\mciapi.h(109,1): error C4430: missing type specifier - int assumed. Note: C++ does not support default-int
C:\Program Files (x86)\Windows Kits\10\Include\10.0.18362.0\um\mciapi.h(109,1): error C2086: 'int DECLSPEC_IMPORT': redefinition
C:\Program Files (x86)\Windows Kits\10\Include\10.0.18362.0\um\mciapi.h(50): message : see declaration of 'DECLSPEC_IMPORT'
C:\Program Files (x86)\Windows Kits\10\Include\10.0.18362.0\um\mciapi.h(108,1): error C2146: syntax error: missing ';' before identifier 'MCIDEVICEID'
C:\Program Files (x86)\Windows Kits\10\Include\10.0.18362.0\um\mciapi.h(121,1): error C4430: missing type specifier - int assumed. Note: C++ does not support default-int
C:\Program Files (x86)\Windows Kits\10\Include\10.0.18362.0\um\mciapi.h(121,1): error C2086: 'int DECLSPEC_IMPORT': redefinition
C:\Program Files (x86)\Windows Kits\10\Include\10.0.18362.0\um\mciapi.h(50): message : see declaration of 'DECLSPEC_IMPORT'
C:\Program Files (x86)\Windows Kits\10\Include\10.0.18362.0\um\mciapi.h(120,1): error C2146: syntax error: missing ';' before identifier 'MCIDEVICEID'
C:\Program Files (x86)\Windows Kits\10\Include\10.0.18362.0\um\mciapi.h(129,1): error C4430: missing type specifier - int assumed. Note: C++ does not support default-int
C:\Program Files (x86)\Windows Kits\10\Include\10.0.18362.0\um\mciapi.h(129,1): error C2086: 'int DECLSPEC_IMPORT': redefinition
C:\Program Files (x86)\Windows Kits\10\Include\10.0.18362.0\um\mciapi.h(50): message : see declaration of 'DECLSPEC_IMPORT'
C:\Program Files (x86)\Windows Kits\10\Include\10.0.18362.0\um\mciapi.h(128,1): error C2146: syntax error: missing ';' before identifier 'MCIDEVICEID'
C:\Program Files (x86)\Windows Kits\10\Include\10.0.18362.0\um\mciapi.h(142,1): error C4430: missing type specifier - int assumed. Note: C++ does not support default-int
C:\Program Files (x86)\Windows Kits\10\Include\10.0.18362.0\um\mciapi.h(142,1): error C2086: 'int DECLSPEC_IMPORT': redefinition
C:\Program Files (x86)\Windows Kits\10\Include\10.0.18362.0\um\mciapi.h(50): message : see declaration of 'DECLSPEC_IMPORT'
C:\Program Files (x86)\Windows Kits\10\Include\10.0.18362.0\um\mciapi.h(141,1): error C2146: syntax error: missing ';' before identifier 'BOOL'
C:\Program Files (x86)\Windows Kits\10\Include\10.0.18362.0\um\mciapi.h(151,1): error C4430: missing type specifier - int assumed. Note: C++ does not support default-int
C:\Program Files (x86)\Windows Kits\10\Include\10.0.18362.0\um\mciapi.h(151,1): error C2086: 'int DECLSPEC_IMPORT': redefinition
C:\Program Files (x86)\Windows Kits\10\Include\10.0.18362.0\um\mciapi.h(50): message : see declaration of 'DECLSPEC_IMPORT'
C:\Program Files (x86)\Windows Kits\10\Include\10.0.18362.0\um\mciapi.h(150,1): error C2146: syntax error: missing ';' before identifier 'BOOL'
C:\Program Files (x86)\Windows Kits\10\Include\10.0.18362.0\um\mciapi.h(173,1): error C4430: missing type specifier - int assumed. Note: C++ does not support default-int
C:\Program Files (x86)\Windows Kits\10\Include\10.0.18362.0\um\mciapi.h(173,1): error C2086: 'int DECLSPEC_IMPORT': redefinition
C:\Program Files (x86)\Windows Kits\10\Include\10.0.18362.0\um\mciapi.h(50): message : see declaration of 'DECLSPEC_IMPORT'
C:\Program Files (x86)\Windows Kits\10\Include\10.0.18362.0\um\mciapi.h(172,1): error C2146: syntax error: missing ';' before identifier 'BOOL'
C:\Program Files (x86)\Windows Kits\10\Include\10.0.18362.0\um\mciapi.h(202,1): error C4430: missing type specifier - int assumed. Note: C++ does not support default-int
C:\Program Files (x86)\Windows Kits\10\Include\10.0.18362.0\um\mciapi.h(202,1): error C2086: 'int DECLSPEC_IMPORT': redefinition
C:\Program Files (x86)\Windows Kits\10\Include\10.0.18362.0\um\mciapi.h(50): message : see declaration of 'DECLSPEC_IMPORT'
C:\Program Files (x86)\Windows Kits\10\Include\10.0.18362.0\um\mciapi.h(201,1): error C2146: syntax error: missing ';' before identifier 'BOOL'
C:\Program Files (x86)\Windows Kits\10\Include\10.0.18362.0\um\mciapi.h(499,27): error C3646: 'dwCallback': unknown override specifier
C:\Program Files (x86)\Windows Kits\10\Include\10.0.18362.0\um\mciapi.h(499,27): error C4430: missing type specifier - int assumed. Note: C++ does not support default-int
C:\Program Files (x86)\Windows Kits\10\Include\10.0.18362.0\um\mciapi.h(500,47): error C2143: syntax error: missing ';' before '*'
C:\Program Files (x86)\Windows Kits\10\Include\10.0.18362.0\um\mciapi.h(500,43): error C2371: 'FAR': redefinition; different basic types
C:\Program Files (x86)\Windows Kits\10\Include\10.0.18362.0\um\mmsyscom.h(137): message : see declaration of 'FAR'
C:\Program Files (x86)\Windows Kits\10\Include\10.0.18362.0\um\mciapi.h(500,67): error C4430: missing type specifier - int assumed. Note: C++ does not support default-int
C:\Program Files (x86)\Windows Kits\10\Include\10.0.18362.0\um\mciapi.h(507,27): error C3646: 'dwCallback': unknown override specifier
C:\Program Files (x86)\Windows Kits\10\Include\10.0.18362.0\um\mciapi.h(507,27): error C4430: missing type specifier - int assumed. Note: C++ does not support default-int
C:\Program Files (x86)\Windows Kits\10\Include\10.0.18362.0\um\mciapi.h(509,31): error C3646: 'lpstrDeviceType': unknown override specifier
C:\Program Files (x86)\Windows Kits\10\Include\10.0.18362.0\um\mciapi.h(509,31): error C4430: missing type specifier - int assumed. Note: C++ does not support default-int
C:\Program Files (x86)\Windows Kits\10\Include\10.0.18362.0\um\mciapi.h(510,32): error C3646: 'lpstrElementName': unknown override specifier
C:\Program Files (x86)\Windows Kits\10\Include\10.0.18362.0\um\mciapi.h(510,32): error C4430: missing type specifier - int assumed. Note: C++ does not support default-int
C:\Program Files (x86)\Windows Kits\10\Include\10.0.18362.0\um\mciapi.h(511,26): error C3646: 'lpstrAlias': unknown override specifier
C:\Program Files (x86)\Windows Kits\10\Include\10.0.18362.0\um\mciapi.h(511,26): error C4430: missing type specifier - int assumed. Note: C++ does not support default-int
C:\Program Files (x86)\Windows Kits\10\Include\10.0.18362.0\um\mciapi.h(514,27): error C3646: 'dwCallback': unknown override specifier
C:\Program Files (x86)\Windows Kits\10\Include\10.0.18362.0\um\mciapi.h(514,27): error C4430: missing type specifier - int assumed. Note: C++ does not support default-int
C:\Program Files (x86)\Windows Kits\10\Include\10.0.18362.0\um\mciapi.h(516,31): error C3646: 'lpstrDeviceType': unknown override specifier
C:\Program Files (x86)\Windows Kits\10\Include\10.0.18362.0\um\mciapi.h(516,31): error C4430: missing type specifier - int assumed. Note: C++ does not support default-int
C:\Program Files (x86)\Windows Kits\10\Include\10.0.18362.0\um\mciapi.h(517,32): error C3646: 'lpstrElementName': unknown override specifier
C:\Program Files (x86)\Windows Kits\10\Include\10.0.18362.0\um\mciapi.h(517,32): error C4430: missing type specifier - int assumed. Note: C++ does not support default-int
C:\Program Files (x86)\Windows Kits\10\Include\10.0.18362.0\um\mciapi.h(518,26): error C3646: 'lpstrAlias': unknown override specifier
C:\Program Files (x86)\Windows Kits\10\Include\10.0.18362.0\um\mciapi.h(518,26): error C4430: missing type specifier - int assumed. Note: C++ does not support default-int
C:\Program Files (x86)\Windows Kits\10\Include\10.0.18362.0\um\mciapi.h(544,27): error C3646: 'dwCallback': unknown override specifier
C:\Program Files (x86)\Windows Kits\10\Include\10.0.18362.0\um\mciapi.h(544,27): error C4430: missing type specifier - int assumed. Note: C++ does not support default-int
C:\Program Files (x86)\Windows Kits\10\Include\10.0.18362.0\um\mciapi.h(547,41): error C2143: syntax error: missing ';' before '*'
C:\Program Files (x86)\Windows Kits\10\Include\10.0.18362.0\um\mciapi.h(547,37): error C2371: 'FAR': redefinition; different basic types
C:\Program Files (x86)\Windows Kits\10\Include\10.0.18362.0\um\mmsyscom.h(137): message : see declaration of 'FAR'
C:\Program Files (x86)\Windows Kits\10\Include\10.0.18362.0\um\mciapi.h(547,58): error C4430: missing type specifier - int assumed. Note: C++ does not support default-int
C:\Program Files (x86)\Windows Kits\10\Include\10.0.18362.0\um\mciapi.h(552,27): error C3646: 'dwCallback': unknown override specifier
C:\Program Files (x86)\Windows Kits\10\Include\10.0.18362.0\um\mciapi.h(552,27): error C4430: missing type specifier - int assumed. Note: C++ does not support default-int
C:\Program Files (x86)\Windows Kits\10\Include\10.0.18362.0\um\mciapi.h(554,41): error C2143: syntax error: missing ';' before '*'
C:\Program Files (x86)\Windows Kits\10\Include\10.0.18362.0\um\mciapi.h(554,37): error C2371: 'FAR': redefinition; different basic types
C:\Program Files (x86)\Windows Kits\10\Include\10.0.18362.0\um\mmsyscom.h(137): message : see declaration of 'FAR'
C:\Program Files (x86)\Windows Kits\10\Include\10.0.18362.0\um\mciapi.h(554,58): error C4430: missing type specifier - int assumed. Note: C++ does not support default-int
C:\Program Files (x86)\Windows Kits\10\Include\10.0.18362.0\um\mciapi.h(559,27): error C3646: 'dwCallback': unknown override specifier
C:\Program Files (x86)\Windows Kits\10\Include\10.0.18362.0\um\mciapi.h(559,27): error C4430: missing type specifier - int assumed. Note: C++ does not support default-int
C:\Program Files (x86)\Windows Kits\10\Include\10.0.18362.0\um\mciapi.h(560,25): error C3646: 'dwReturn': unknown override specifier
C:\Program Files (x86)\Windows Kits\10\Include\10.0.18362.0\um\mciapi.h(560,25): error C4430: missing type specifier - int assumed. Note: C++ does not support default-int
C:\Program Files (x86)\Windows Kits\10\Include\10.0.18362.0\um\mciapi.h(563,45): error C2143: syntax error: missing ';' before '*'
C:\Program Files (x86)\Windows Kits\10\Include\10.0.18362.0\um\mciapi.h(563,41): error C2371: 'FAR': redefinition; different basic types
C:\Program Files (x86)\Windows Kits\10\Include\10.0.18362.0\um\mmsyscom.h(137): message : see declaration of 'FAR'
C:\Program Files (x86)\Windows Kits\10\Include\10.0.18362.0\um\mciapi.h(563,65): error C4430: missing type specifier - int assumed. Note: C++ does not support default-int
C:\Program Files (x86)\Windows Kits\10\Include\10.0.18362.0\um\mciapi.h(570,25): error C3646: 'dwCallback': unknown override specifier
C:\Program Files (x86)\Windows Kits\10\Include\10.0.18362.0\um\mciapi.h(570,25): error C4430: missing type specifier - int assumed. Note: C++ does not support default-int
C:\Program Files (x86)\Windows Kits\10\Include\10.0.18362.0\um\mciapi.h(571,26): error C3646: 'lpstrReturn': unknown override specifier
C:\Program Files (x86)\Windows Kits\10\Include\10.0.18362.0\um\mciapi.h(571,26): error C4430: missing type specifier - int assumed. Note: C++ does not support default-int
C:\Program Files (x86)\Windows Kits\10\Include\10.0.18362.0\um\mciapi.h(575,25): error C3646: 'dwCallback': unknown override specifier
C:\Program Files (x86)\Windows Kits\10\Include\10.0.18362.0\um\mciapi.h(575,25): error C4430: missing type specifier - int assumed. Note: C++ does not support default-int
C:\Program Files (x86)\Windows Kits\10\Include\10.0.18362.0\um\mciapi.h(576,26): error C3646: 'lpstrReturn': unknown override specifier
C:\Program Files (x86)\Windows Kits\10\Include\10.0.18362.0\um\mciapi.h(576,26): error C4430: missing type specifier - int assumed. Note: C++ does not support default-int
C:\Program Files (x86)\Windows Kits\10\Include\10.0.18362.0\um\mciapi.h(598,27): error C3646: 'dwCallback': unknown override specifier
C:\Program Files (x86)\Windows Kits\10\Include\10.0.18362.0\um\mciapi.h(598,27): error C4430: missing type specifier - int assumed. Note: C++ does not support default-int
C:\Program Files (x86)\Windows Kits\10\Include\10.0.18362.0\um\mciapi.h(601,53): error C2143: syntax error: missing ';' before '*'
C:\Program Files (x86)\Windows Kits\10\Include\10.0.18362.0\um\mciapi.h(601,49): error C2371: 'FAR': redefinition; different basic types
C:\Program Files (x86)\Windows Kits\10\Include\10.0.18362.0\um\mmsyscom.h(137): message : see declaration of 'FAR'
C:\Program Files (x86)\Windows Kits\10\Include\10.0.18362.0\um\mciapi.h(601,77): error C4430: missing type specifier - int assumed. Note: C++ does not support default-int
C:\Program Files (x86)\Windows Kits\10\Include\10.0.18362.0\um\mciapi.h(608,27): error C3646: 'dwCallback': unknown override specifier
C:\Program Files (x86)\Windows Kits\10\Include\10.0.18362.0\um\mciapi.h(608,27): error C4430: missing type specifier - int assumed. Note: C++ does not support default-int
C:\Program Files (x86)\Windows Kits\10\Include\10.0.18362.0\um\mciapi.h(609,28): error C3646: 'lpstrReturn': unknown override specifier
C:\Program Files (x86)\Windows Kits\10\Include\10.0.18362.0\um\mciapi.h(609,28): error C4430: missing type specifier - int assumed. Note: C++ does not support default-int
C:\Program Files (x86)\Windows Kits\10\Include\10.0.18362.0\um\mciapi.h(615,27): error C3646: 'dwCallback': unknown override specifier
C:\Program Files (x86)\Windows Kits\10\Include\10.0.18362.0\um\mciapi.h(615,27): error C4430: missing type specifier - int assumed. Note: C++ does not support default-int
C:\Program Files (x86)\Windows Kits\10\Include\10.0.18362.0\um\mciapi.h(616,28): error C3646: 'lpstrReturn': unknown override specifier
C:\Program Files (x86)\Windows Kits\10\Include\10.0.18362.0\um\mciapi.h(616,28): error C4430: missing type specifier - int assumed. Note: C++ does not support default-int
C:\Program Files (x86)\Windows Kits\10\Include\10.0.18362.0\um\mciapi.h(644,27): error C3646: 'dwCallback': unknown override specifier
C:\Program Files (x86)\Windows Kits\10\Include\10.0.18362.0\um\mciapi.h(644,27): error C4430: missing type specifier - int assumed. Note: C++ does not support default-int
C:\Program Files (x86)\Windows Kits\10\Include\10.0.18362.0\um\mciapi.h(647,39): error C2143: syntax error: missing ';' before '*'
C:\Program Files (x86)\Windows Kits\10\Include\10.0.18362.0\um\mciapi.h(647,35): error C2371: 'FAR': redefinition; different basic types
C:\Program Files (x86)\Windows Kits\10\Include\10.0.18362.0\um\mmsyscom.h(137): message : see declaration of 'FAR'
C:\Program Files (x86)\Windows Kits\10\Include\10.0.18362.0\um\mciapi.h(647,55): error C4430: missing type specifier - int assumed. Note: C++ does not support default-int
C:\Program Files (x86)\Windows Kits\10\Include\10.0.18362.0\um\mciapi.h(652,27): error C3646: 'dwCallback': unknown override specifier
C:\Program Files (x86)\Windows Kits\10\Include\10.0.18362.0\um\mciapi.h(652,27): error C4430: missing type specifier - int assumed. Note: C++ does not support default-int
C:\Program Files (x86)\Windows Kits\10\Include\10.0.18362.0\um\mciapi.h(655,26): error C3646: 'hwndBreak': unknown override specifier
C:\Program Files (x86)\Windows Kits\10\Include\10.0.18362.0\um\mciapi.h(655,26): error C4430: missing type specifier - int assumed. Note: C++ does not support default-int
C:\Program Files (x86)\Windows Kits\10\Include\10.0.18362.0\um\mciapi.h(662,43): error C2143: syntax error: missing ';' before '*'
C:\Program Files (x86)\Windows Kits\10\Include\10.0.18362.0\um\mciapi.h(662,39): error C2371: 'FAR': redefinition; different basic types
C:\Program Files (x86)\Windows Kits\10\Include\10.0.18362.0\um\mmsyscom.h(137): message : see declaration of 'FAR'
C:\Program Files (x86)\Windows Kits\10\Include\10.0.18362.0\um\mciapi.h(662,62): error C4430: missing type specifier - int assumed. Note: C++ does not support default-int
C:\Program Files (x86)\Windows Kits\10\Include\10.0.18362.0\um\mciapi.h(669,28): error C3646: 'dwCallback': unknown override specifier
C:\Program Files (x86)\Windows Kits\10\Include\10.0.18362.0\um\mciapi.h(669,28): error C4430: missing type specifier - int assumed. Note: C++ does not support default-int
C:\Program Files (x86)\Windows Kits\10\Include\10.0.18362.0\um\mciapi.h(670,28): error C3646: 'lpfilename': unknown override specifier
C:\Program Files (x86)\Windows Kits\10\Include\10.0.18362.0\um\mciapi.h(670,28): error C4430: missing type specifier - int assumed. Note: C++ does not support default-int
C:\Program Files (x86)\Windows Kits\10\Include\10.0.18362.0\um\mciapi.h(673,28): error C3646: 'dwCallback': unknown override specifier
C:\Program Files (x86)\Windows Kits\10\Include\10.0.18362.0\um\mciapi.h(673,28): error C4430: missing type specifier - int assumed. Note: C++ does not support default-int
C:\Program Files (x86)\Windows Kits\10\Include\10.0.18362.0\um\mciapi.h(674,28): error C3646: 'lpfilename': unknown override specifier
C:\Program Files (x86)\Windows Kits\10\Include\10.0.18362.0\um\mciapi.h(674,28): error C4430: missing type specifier - int assumed. Note: C++ does not support default-int
C:\Program Files (x86)\Windows Kits\10\Include\10.0.18362.0\um\mciapi.h(698,28): error C3646: 'dwCallback': unknown override specifier
C:\Program Files (x86)\Windows Kits\10\Include\10.0.18362.0\um\mciapi.h(698,28): fatal error C1003: error count exceeds 100; stopping compilation
